# JRE version: Java(TM) SE Runtime Environment (8.0_172-b11) (build 1.8.0_172-b11)
# Java VM: Java HotSpot(TM) 64-Bit Server VM (25.172-b11 mixed mode bsd-amd64 compressed oops)
Heap:
 PSYoungGen      total 72192K, used 11798K [0x000000076ab00000, 0x0000000773c00000, 0x00000007c0000000)
  eden space 65536K, 18% used [0x000000076ab00000,0x000000076b685b08,0x000000076eb00000)
  from space 6656K, 0% used [0x0000000773580000,0x0000000773580000,0x0000000773c00000)
  to   space 10752K, 0% used [0x0000000772700000,0x0000000772700000,0x0000000773180000)
 ParOldGen       total 78336K, used 6932K [0x00000006c0000000, 0x00000006c4c80000, 0x000000076ab00000)
  object space 78336K, 8% used [0x00000006c0000000,0x00000006c06c52f0,0x00000006c4c80000)
 Metaspace       used 22412K, capacity 22688K, committed 23040K, reserved 1069056K
  class space    used 2932K, capacity 3022K, committed 3072K, reserved 1048576K
GC Heap History (6 events):
Event: 1.079 GC heap before
{Heap before GC invocations=1 (full 0):
 PSYoungGen      total 76288K, used 65536K [0x000000076ab00000, 0x0000000770000000, 0x00000007c0000000)
  eden space 65536K, 100% used [0x000000076ab00000,0x000000076eb00000,0x000000076eb00000)
  from space 10752K, 0% used [0x000000076f580000,0x000000076f580000,0x0000000770000000)
  to   space 10752K, 0% used [0x000000076eb00000,0x000000076eb00000,0x000000076f580000)
 ParOldGen       total 175104K, used 0K [0x00000006c0000000, 0x00000006cab00000, 0x000000076ab00000)
  object space 175104K, 0% used [0x00000006c0000000,0x00000006c0000000,0x00000006cab00000)
 Metaspace       used 18874K, capacity 18992K, committed 19200K, reserved 1067008K
  class space    used 2453K, capacity 2496K, committed 2560K, reserved 1048576K
Event: 1.092 GC heap after
Heap after GC invocations=1 (full 0):
 PSYoungGen      total 76288K, used 10736K [0x000000076ab00000, 0x0000000774000000, 0x00000007c0000000)
  eden space 65536K, 0% used [0x000000076ab00000,0x000000076ab00000,0x000000076eb00000)
  from space 10752K, 99% used [0x000000076eb00000,0x000000076f57c2b8,0x000000076f580000)
  to   space 10752K, 0% used [0x0000000773580000,0x0000000773580000,0x0000000774000000)
 ParOldGen       total 175104K, used 4497K [0x00000006c0000000, 0x00000006cab00000, 0x000000076ab00000)
  object space 175104K, 2% used [0x00000006c0000000,0x00000006c0464760,0x00000006cab00000)
 Metaspace       used 18874K, capacity 18992K, committed 19200K, reserved 1067008K
  class space    used 2453K, capacity 2496K, committed 2560K, reserved 1048576K
}
Event: 18.570 GC heap before
{Heap before GC invocations=2 (full 0):
 PSYoungGen      total 76288K, used 56103K [0x000000076ab00000, 0x0000000774000000, 0x00000007c0000000)
  eden space 65536K, 69% used [0x000000076ab00000,0x000000076d74dc80,0x000000076eb00000)
  from space 10752K, 99% used [0x000000076eb00000,0x000000076f57c2b8,0x000000076f580000)
  to   space 10752K, 0% used [0x0000000773580000,0x0000000773580000,0x0000000774000000)
 ParOldGen       total 175104K, used 4497K [0x00000006c0000000, 0x00000006cab00000, 0x000000076ab00000)
  object space 175104K, 2% used [0x00000006c0000000,0x00000006c0464760,0x00000006cab00000)
 Metaspace       used 20987K, capacity 21114K, committed 21248K, reserved 1067008K
  class space    used 2736K, capacity 2779K, committed 2816K, reserved 1048576K
Event: 18.576 GC heap after
Heap after GC invocations=2 (full 0):
 PSYoungGen      total 72192K, used 6593K [0x000000076ab00000, 0x0000000773c00000, 0x00000007c0000000)
  eden space 65536K, 0% used [0x000000076ab00000,0x000000076ab00000,0x000000076eb00000)
  from space 6656K, 99% used [0x0000000773580000,0x0000000773bf0788,0x0000000773c00000)
  to   space 10752K, 0% used [0x0000000772700000,0x0000000772700000,0x0000000773180000)
 ParOldGen       total 175104K, used 4505K [0x00000006c0000000, 0x00000006cab00000, 0x000000076ab00000)
  object space 175104K, 2% used [0x00000006c0000000,0x00000006c0466760,0x00000006cab00000)
 Metaspace       used 20987K, capacity 21114K, committed 21248K, reserved 1067008K
  class space    used 2736K, capacity 2779K, committed 2816K, reserved 1048576K
}
Event: 18.576 GC heap before
{Heap before GC invocations=3 (full 1):
 PSYoungGen      total 72192K, used 6593K [0x000000076ab00000, 0x0000000773c00000, 0x00000007c0000000)
  eden space 65536K, 0% used [0x000000076ab00000,0x000000076ab00000,0x000000076eb00000)
  from space 6656K, 99% used [0x0000000773580000,0x0000000773bf0788,0x0000000773c00000)
  to   space 10752K, 0% used [0x0000000772700000,0x0000000772700000,0x0000000773180000)
 ParOldGen       total 175104K, used 4505K [0x00000006c0000000, 0x00000006cab00000, 0x000000076ab00000)
  object space 175104K, 2% used [0x00000006c0000000,0x00000006c0466760,0x00000006cab00000)
 Metaspace       used 20987K, capacity 21114K, committed 21248K, reserved 1067008K
  class space    used 2736K, capacity 2779K, committed 2816K, reserved 1048576K
Event: 18.601 GC heap after
Heap after GC invocations=3 (full 1):
 PSYoungGen      total 72192K, used 0K [0x000000076ab00000, 0x0000000773c00000, 0x00000007c0000000)
  eden space 65536K, 0% used [0x000000076ab00000,0x000000076ab00000,0x000000076eb00000)
  from space 6656K, 0% used [0x0000000773580000,0x0000000773580000,0x0000000773c00000)
  to   space 10752K, 0% used [0x0000000772700000,0x0000000772700000,0x0000000773180000)
 ParOldGen       total 78336K, used 6932K [0x00000006c0000000, 0x00000006c4c80000, 0x000000076ab00000)
  object space 78336K, 8% used [0x00000006c0000000,0x00000006c06c52f0,0x00000006c4c80000)
 Metaspace       used 20987K, capacity 21114K, committed 21248K, reserved 1067008K
  class space    used 2736K, capacity 2779K, committed 2816K, reserved 1048576K
}

